<?xml version="1.0" encoding="UTF-8"?>
<!-- Generated by org.testng.reporters.JUnitReportReporter -->
<testsuite hostname="Anamikasaluja" failures="0" tests="1" name="learning.test" time="1.605" errors="0" timestamp="31 Aug 2020 16:40:55 GMT" skipped="0">
  <testcase classname="learning.test" name="ReqresGetRequest" time="1.605"/>
</testsuite> <!-- learning.test -->
