<?xml version="1.0" encoding="UTF-8"?>
<!-- Generated by org.testng.reporters.JUnitReportReporter -->
<testsuite hostname="Anamikasaluja" failures="0" tests="2" name="learning.SampleTest" time="3.587" errors="0" timestamp="03 Sep 2020 13:22:05 GMT" skipped="0">
  <testcase classname="learning.SampleTest" name="ReqresGetRequest" time="1.634"/>
  <testcase classname="learning.SampleTest" name="ReqresPostRequest" time="1.953"/>
</testsuite> <!-- learning.SampleTest -->
