<?xml version="1.0" encoding="UTF-8"?>
<!-- Generated by org.testng.reporters.JUnitReportReporter -->
<testsuite hostname="Anamikasaluja" failures="0" tests="2" name="learning.SampleTest" time="2.334" errors="0" timestamp="31 Aug 2020 16:41:13 GMT" skipped="0">
  <testcase classname="learning.SampleTest" name="ReqresGetRequest" time="1.648"/>
  <testcase classname="learning.SampleTest" name="ReqresPostRequest" time="0.686"/>
</testsuite> <!-- learning.SampleTest -->
