<?xml version="1.0" encoding="UTF-8"?>
<!-- Generated by org.testng.reporters.JUnitReportReporter -->
<testsuite hostname="Anamikasaluja" failures="0" tests="1" name="learning.test" time="1.657" errors="0" timestamp="03 Sep 2020 13:23:44 GMT" skipped="0">
  <testcase classname="learning.test" name="ReqresGetRequest" time="1.657"/>
</testsuite> <!-- learning.test -->
